<?xml version="1.0" encoding="UTF-8"?>
<testsuite xmlns:xsi="http://www.w3.org/2001/XMLSchema-instance" xsi:schemaLocation="https://maven.apache.org/surefire/maven-surefire-plugin/xsd/surefire-test-report.xsd" name="domainapp.integtests.specs.RunSpecs" time="12.435" tests="28" errors="0" skipped="0" failures="0">
  <properties>
    <property name="java.runtime.name" value="Java(TM) SE Runtime Environment"/>
    <property name="sun.boot.library.path" value="/usr/lib/jvm/java-8-oracle/jre/lib/amd64"/>
    <property name="java.vm.version" value="25.72-b15"/>
    <property name="java.vm.vendor" value="Oracle Corporation"/>
    <property name="java.vendor.url" value="http://java.oracle.com/"/>
    <property name="path.separator" value=":"/>
    <property name="guice.disable.misplaced.annotation.check" value="true"/>
    <property name="java.vm.name" value="Java HotSpot(TM) 64-Bit Server VM"/>
    <property name="file.encoding.pkg" value="sun.io"/>
    <property name="user.country" value="US"/>
    <property name="sun.java.launcher" value="SUN_STANDARD"/>
    <property name="sun.os.patch.level" value="unknown"/>
    <property name="java.vm.specification.name" value="Java Virtual Machine Specification"/>
    <property name="user.dir" value="/media/again/f5970dba-48f8-4193-9ff0-c3576fa1ddf8/Projects/Java_SE/bakalarska_prace/isis_example"/>
    <property name="java.runtime.version" value="1.8.0_72-b15"/>
    <property name="java.awt.graphicsenv" value="sun.awt.X11GraphicsEnvironment"/>
    <property name="java.endorsed.dirs" value="/usr/lib/jvm/java-8-oracle/jre/lib/endorsed"/>
    <property name="os.arch" value="amd64"/>
    <property name="java.io.tmpdir" value="/tmp"/>
    <property name="line.separator" value="&#10;"/>
    <property name="java.vm.specification.vendor" value="Oracle Corporation"/>
    <property name="os.name" value="Linux"/>
    <property name="classworlds.conf" value="/usr/share/maven/bin/m2.conf"/>
    <property name="sun.jnu.encoding" value="UTF-8"/>
    <property name="java.library.path" value="/usr/java/packages/lib/amd64:/usr/lib64:/lib64:/lib:/usr/lib"/>
    <property name="java.specification.name" value="Java Platform API Specification"/>
    <property name="java.class.version" value="52.0"/>
    <property name="sun.management.compiler" value="HotSpot 64-Bit Tiered Compilers"/>
    <property name="os.version" value="3.13.0-37-generic"/>
    <property name="user.home" value="/home/again"/>
    <property name="user.timezone" value="Europe/Prague"/>
    <property name="java.awt.printerjob" value="sun.print.PSPrinterJob"/>
    <property name="file.encoding" value="UTF-8"/>
    <property name="java.specification.version" value="1.8"/>
    <property name="user.name" value="again"/>
    <property name="java.class.path" value="/usr/share/maven/boot/plexus-classworlds-2.x.jar"/>
    <property name="java.vm.specification.version" value="1.8"/>
    <property name="sun.arch.data.model" value="64"/>
    <property name="java.home" value="/usr/lib/jvm/java-8-oracle/jre"/>
    <property name="sun.java.command" value="org.codehaus.plexus.classworlds.launcher.Launcher install"/>
    <property name="java.specification.vendor" value="Oracle Corporation"/>
    <property name="user.language" value="en"/>
    <property name="awt.toolkit" value="sun.awt.X11.XToolkit"/>
    <property name="java.vm.info" value="mixed mode"/>
    <property name="java.version" value="1.8.0_72"/>
    <property name="java.ext.dirs" value="/usr/lib/jvm/java-8-oracle/jre/lib/ext:/usr/java/packages/lib/ext"/>
    <property name="securerandom.source" value="file:/dev/./urandom"/>
    <property name="sun.boot.class.path" value="/usr/lib/jvm/java-8-oracle/jre/lib/resources.jar:/usr/lib/jvm/java-8-oracle/jre/lib/rt.jar:/usr/lib/jvm/java-8-oracle/jre/lib/sunrsasign.jar:/usr/lib/jvm/java-8-oracle/jre/lib/jsse.jar:/usr/lib/jvm/java-8-oracle/jre/lib/jce.jar:/usr/lib/jvm/java-8-oracle/jre/lib/charsets.jar:/usr/lib/jvm/java-8-oracle/jre/lib/jfr.jar:/usr/lib/jvm/java-8-oracle/jre/classes"/>
    <property name="java.vendor" value="Oracle Corporation"/>
    <property name="maven.home" value="/usr/share/maven"/>
    <property name="file.separator" value="/"/>
    <property name="java.vendor.url.bug" value="http://bugreport.sun.com/bugreport/"/>
    <property name="sun.cpu.endian" value="little"/>
    <property name="sun.io.unicode.encoding" value="UnicodeLittle"/>
    <property name="sun.desktop" value="gnome"/>
    <property name="sun.cpu.isalist" value=""/>
  </properties>
  <testcase name="Given I have 0 Rent objects" classname="Scenario: Existing Rent objects can be listed and new ones created" time="0.001"/>
  <testcase name="When I create a Rent object" classname="Scenario: Existing Rent objects can be listed and new ones created" time="0"/>
  <testcase name="When I create a Rent object" classname="Scenario: Existing Rent objects can be listed and new ones created" time="0"/>
  <testcase name="Then I have 2 Rent objects" classname="Scenario: Existing Rent objects can be listed and new ones created" time="0"/>
  <testcase name="Scenario: Existing Rent objects can be listed and new ones created" classname="Scenario: Existing Rent objects can be listed and new ones created" time="0.015"/>
  <testcase name="Given I have 0 VehicleType objects" classname="Scenario: Existing VehicleType objects can be listed and new ones created" time="0"/>
  <testcase name="When I create a VehicleType object with vniDSYuR &quot;v5GmG&quot; and v0NXzGua &quot;vOwDV&quot;" classname="Scenario: Existing VehicleType objects can be listed and new ones created" time="0"/>
  <testcase name="When I create a VehicleType object with vniDSYuR &quot;vpI3S&quot; and v0NXzGua &quot;vDtYu&quot;" classname="Scenario: Existing VehicleType objects can be listed and new ones created" time="0"/>
  <testcase name="Then I have 2 VehicleType objects" classname="Scenario: Existing VehicleType objects can be listed and new ones created" time="0.003"/>
  <testcase name="Scenario: Existing VehicleType objects can be listed and new ones created" classname="Scenario: Existing VehicleType objects can be listed and new ones created" time="0.006"/>
  <testcase name="Given I have 0 Customer objects" classname="Scenario: Existing Customer objects can be listed and new ones created" time="0"/>
  <testcase name="When I create a Customer object with vVFrYYDK &quot;vQlCk&quot; and v6u2PTpn &quot;vmDCU&quot; and vrA5dzNS &quot;vHF0f&quot;" classname="Scenario: Existing Customer objects can be listed and new ones created" time="0"/>
  <testcase name="When I create a Customer object with vVFrYYDK &quot;vBzvD&quot; and v6u2PTpn &quot;vxp1S&quot; and vrA5dzNS &quot;vV8lp&quot;" classname="Scenario: Existing Customer objects can be listed and new ones created" time="0.001"/>
  <testcase name="Then I have 2 Customer objects" classname="Scenario: Existing Customer objects can be listed and new ones created" time="0"/>
  <testcase name="Scenario: Existing Customer objects can be listed and new ones created" classname="Scenario: Existing Customer objects can be listed and new ones created" time="0.003"/>
  <testcase name="Given I have 0 Vehicle objects" classname="Scenario: Existing Vehicle objects can be listed and new ones created" time="0"/>
  <testcase name="When I create a Vehicle object with type &quot;Škoda 120&quot; and price &quot;10000&quot;" classname="Scenario: Existing Vehicle objects can be listed and new ones created" time="0"/>
  <testcase name="When I create a Vehicle object with type &quot;Škoda Fabia&quot; and price &quot;50000&quot;" classname="Scenario: Existing Vehicle objects can be listed and new ones created" time="0.001"/>
  <testcase name="Then I have 2 Vehicle objects" classname="Scenario: Existing Vehicle objects can be listed and new ones created" time="0"/>
  <testcase name="Scenario: Existing Vehicle objects can be listed and new ones created" classname="Scenario: Existing Vehicle objects can be listed and new ones created" time="0.003"/>
  <testcase name="Given I have the object Vehicle" classname="Scenario: Set the title and receive string" time="0"/>
  <testcase name="When I set the title of the Vehicle" classname="Scenario: Set the title and receive string" time="0.001"/>
  <testcase name="Then I receive the string title" classname="Scenario: Set the title and receive string" time="0"/>
  <testcase name="Scenario: Set the title and receive string" classname="Scenario: Set the title and receive string" time="0.002"/>
  <testcase name="Given I have the value &quot;-500&quot; for a &quot;price&quot;" classname="Scenario: Validate the price and receive error message" time="0"/>
  <testcase name="When I validate the &quot;price&quot; of the Vehicle" classname="Scenario: Validate the price and receive error message" time="0"/>
  <testcase name="Then I receive the error message" classname="Scenario: Validate the price and receive error message" time="0.001"/>
  <testcase name="Scenario: Validate the price and receive error message" classname="Scenario: Validate the price and receive error message" time="0.002"/>
</testsuite>