<?xml version="1.0" encoding="UTF-8"?>
<!-- Generated by org.testng.reporters.JUnitReportReporter -->
<testsuite hostname="again-X550CC" name="domainapp.integtests.tests.IntegSetupTest" tests="1" failures="0" timestamp="1 May 2017 14:39:35 GMT" time="0.046" errors="0">
  <testcase name="Test" time="0.046" classname="domainapp.integtests.tests.IntegSetupTest"/>
</testsuite> <!-- domainapp.integtests.tests.IntegSetupTest -->
