<?xml version="1.0" encoding="UTF-8"?>
<!-- Generated by org.testng.reporters.JUnitReportReporter -->
<testsuite hostname="again-X550CC" name="InitTest.InitTest" tests="1" failures="0" timestamp="1 May 2017 13:50:28 GMT" time="0.002" errors="0">
  <testcase name="test" time="0.002" classname="InitTest.InitTest"/>
</testsuite> <!-- InitTest.InitTest -->
